<?xml version="1.0" encoding="UTF-8"?>
<!-- Generated by org.testng.reporters.JUnitReportReporter -->
<testsuite hostname="DESKTOP-C7HS4NF" failures="0" tests="1" name="eCommerceProject.Snapdeal" time="6.027" errors="0" timestamp="2023-08-01T18:31:47 IST" skipped="0">
  <testcase classname="eCommerceProject.Snapdeal" name="SnapdealTest" time="6.027"/>
  <system-out/>
</testsuite> <!-- eCommerceProject.Snapdeal -->
