<?xml version="1.0" encoding="UTF-8"?>
<!-- Generated by org.testng.reporters.JUnitReportReporter -->
<testsuite hostname="DESKTOP-C7HS4NF" failures="0" tests="1" name="eCommerceProject.Flipkart" time="4.986" errors="0" timestamp="2023-07-26T15:04:11 IST" skipped="0">
  <testcase classname="eCommerceProject.Flipkart" name="FlipkartTest" time="4.986"/>
  <system-out/>
</testsuite> <!-- eCommerceProject.Flipkart -->
