<?xml version="1.0" encoding="UTF-8"?>
<!-- Generated by org.testng.reporters.JUnitReportReporter -->
<testsuite hostname="DESKTOP-C7HS4NF" failures="0" tests="1" name="eCommerceProject.Amazon" time="9.580" errors="0" timestamp="2023-07-26T15:04:11 IST" skipped="0">
  <testcase classname="eCommerceProject.Amazon" name="AmazonTest" time="9.580"/>
  <system-out/>
</testsuite> <!-- eCommerceProject.Amazon -->
