<?xml version="1.0" encoding="UTF-8"?>
<!-- Generated by org.testng.reporters.JUnitReportReporter -->
<testsuite hostname="DESKTOP-C7HS4NF" failures="0" tests="1" name="eCommerceProject.Amazon" time="18.778" errors="0" timestamp="2023-08-01T18:31:47 IST" skipped="0">
  <testcase classname="eCommerceProject.Amazon" name="AmazonTest" time="18.778"/>
  <system-out/>
</testsuite> <!-- eCommerceProject.Amazon -->
